<?xml version="1.0" encoding="UTF-8"?>
<testsuite xmlns:xsi="http://www.w3.org/2001/XMLSchema-instance" xsi:noNamespaceSchemaLocation="https://maven.apache.org/surefire/maven-surefire-plugin/xsd/surefire-test-report-3.0.xsd" version="3.0" name="com.example.Linear.StackLLTests" time="0.001" tests="6" errors="0" skipped="0" failures="0">
  <properties>
[...]
</properties>
  <testcase name="testPushAndPeek" classname="com.example.Linear.StackLLTests" time="0"/>
  <testcase name="testPop" classname="com.example.Linear.StackLLTests" time="0"/>
  <testcase name="testSize" classname="com.example.Linear.StackLLTests" time="0"/>
  <testcase name="testOverloadConstructor" classname="com.example.Linear.StackLLTests" time="0"/>
  <testcase name="testInsertHead" classname="com.example.Linear.StackLLTests" time="0"/>
  <testcase name="testIsEmpty" classname="com.example.Linear.StackLLTests" time="0"/>
</testsuite>